Using pre-set license
Built from '2020.2/release' branch; Version is '2020.2.4f1 (becced5a802b) revision 12504301'; Using compiler version '192528614'; Build Type 'Release'
OS: 'Windows 10 Home Single Language; OS build 19041.928; Version 2004; 64bit' Language: 'pt' Physical Memory: 16344 MB
BatchMode: 1, IsHumanControllingUs: 0, StartBugReporterOnCrash: 0, Is64bit: 1, IsPro: 0

 COMMAND LINE ARGUMENTS:
C:\Program Files\Unity\Hub\Editor\2020.2.4f1\Editor\Unity.exe
-adb2
-batchMode
-noUpm
-name
AssetImportWorker0
-projectPath
C:/Unity/VP Sidny TDU C#
-logFile
Logs/AssetImportWorker0.log
-srvPort
50334
Successfully changed project path to: C:/Unity/VP Sidny TDU C#
C:/Unity/VP Sidny TDU C#
Using Asset Import Pipeline V2.
Refreshing native plugins compatible for Editor in 32.09 ms, found 0 plugins.
Preloading 0 native plugins for Editor in 0.00 ms.
Initialize engine version: 2020.2.4f1 (becced5a802b)
[Subsystems] Discovering subsystems at path C:/Program Files/Unity/Hub/Editor/2020.2.4f1/Editor/Data/Resources/UnitySubsystems
[Subsystems] Discovering subsystems at path C:/Unity/VP Sidny TDU C#/Assets
GfxDevice: creating device client; threaded=0
Direct3D:
    Version:  Direct3D 11.0 [level 11.1]
    Renderer: NVIDIA GeForce GTX 1050 Ti (ID=0x1c82)
    Vendor:   
    VRAM:     4018 MB
    Driver:   27.21.14.6589
Initialize mono
Mono path[0] = 'C:/Program Files/Unity/Hub/Editor/2020.2.4f1/Editor/Data/Managed'
Mono path[1] = 'C:/Program Files/Unity/Hub/Editor/2020.2.4f1/Editor/Data/MonoBleedingEdge/lib/mono/unityjit'
Mono config path = 'C:/Program Files/Unity/Hub/Editor/2020.2.4f1/Editor/Data/MonoBleedingEdge/etc'
Using monoOptions --debugger-agent=transport=dt_socket,embedding=1,server=y,suspend=n,address=127.0.0.1:56608
Begin MonoManager ReloadAssembly
Registering precompiled unity dll's ...
Register platform support module: C:/Program Files/Unity/Hub/Editor/2020.2.4f1/Editor/Data/PlaybackEngines/WebGLSupport/UnityEditor.WebGL.Extensions.dll
Register platform support module: C:/Program Files/Unity/Hub/Editor/2020.2.4f1/Editor/Data/PlaybackEngines/WindowsStandaloneSupport/UnityEditor.WindowsStandalone.Extensions.dll
Register platform support module: C:/Program Files/Unity/Hub/Editor/2020.2.4f1/Editor/Data/PlaybackEngines/LinuxStandaloneSupport/UnityEditor.LinuxStandalone.Extensions.dll
Registered in 0.003700 seconds.
Native extension for LinuxStandalone target not found
Native extension for WindowsStandalone target not found
Native extension for WebGL target not found
Refreshing native plugins compatible for Editor in 46.24 ms, found 0 plugins.
Preloading 0 native plugins for Editor in 0.00 ms.
Invoked RoslynAnalysisRunner static constructor.
RoslynAnalysisRunner will not be running.
RoslynAnalysisRunner has terminated.
Mono: successfully reloaded assembly
- Completed reload, in  3.134 seconds
Platform modules already initialized, skipping
Registering precompiled user dll's ...
Registered in 0.002466 seconds.
Begin MonoManager ReloadAssembly
Native extension for LinuxStandalone target not found
Native extension for WindowsStandalone target not found
Native extension for WebGL target not found
Refreshing native plugins compatible for Editor in 0.21 ms, found 0 plugins.
Preloading 0 native plugins for Editor in 0.00 ms.
Invoked RoslynAnalysisRunner static constructor.
RoslynAnalysisRunner will not be running.
RoslynAnalysisRunner has terminated.
Mono: successfully reloaded assembly
- Completed reload, in  1.094 seconds
Platform modules already initialized, skipping
========================================================================
Worker process is ready to serve import requests
Launched and connected shader compiler UnityShaderCompiler.exe after 0.10 seconds
Refreshing native plugins compatible for Editor in 0.22 ms, found 0 plugins.
Preloading 0 native plugins for Editor in 0.00 ms.
Unloading 1121 Unused Serialized files (Serialized files now loaded: 0)
System memory in use before: 58.0 MB.
System memory in use after: 58.0 MB.

Unloading 10 unused Assets to reduce memory usage. Loaded Objects now: 1565.
Total: 2.235200 ms (FindLiveObjects: 0.508800 ms CreateObjectMapping: 0.068600 ms MarkObjects: 1.551700 ms  DeleteObjects: 0.103900 ms)

========================================================================
Received Import Request.
  path: Assets/Script/ArmsRotate.cs
  artifactKey: Guid(c4475d7132597544cbd30e21cf6a59a9) Importer(815301076,1909f56bfc062723c751e8b465ee728b)
Start importing Assets/Script/ArmsRotate.cs using Guid(c4475d7132597544cbd30e21cf6a59a9) Importer(815301076,1909f56bfc062723c751e8b465ee728b)  -> (artifact id: '43b9fa1f90c73c6c2d16cf60d11cc827') in 0.070434 seconds
  Import took 0.073744 seconds .

========================================================================
Received Prepare
Registering precompiled user dll's ...
Registered in 0.000723 seconds.
Begin MonoManager ReloadAssembly
Native extension for LinuxStandalone target not found
Native extension for WindowsStandalone target not found
Native extension for WebGL target not found
Refreshing native plugins compatible for Editor in 0.20 ms, found 0 plugins.
Preloading 0 native plugins for Editor in 0.00 ms.
Invoked RoslynAnalysisRunner static constructor.
RoslynAnalysisRunner will not be running.
RoslynAnalysisRunner has terminated.
Mono: successfully reloaded assembly
- Completed reload, in  0.878 seconds
Platform modules already initialized, skipping
Switching build target platform(5) subTarget(0) extendedPlatform(0) -> platform(13) subTarget(537395200) extendedPlatform(0)
Refreshing native plugins compatible for Editor in 0.20 ms, found 0 plugins.
Preloading 0 native plugins for Editor in 0.00 ms.
Unloading 1119 Unused Serialized files (Serialized files now loaded: 0)
System memory in use before: 57.6 MB.
System memory in use after: 57.7 MB.

Unloading 5 unused Assets to reduce memory usage. Loaded Objects now: 1567.
Total: 1.817900 ms (FindLiveObjects: 0.140300 ms CreateObjectMapping: 0.036400 ms MarkObjects: 1.578000 ms  DeleteObjects: 0.062000 ms)

AssetImportParameters requested are different than current active one (requested -> active):
  custom:graphics/normal-map-encoding: 01000000000000000000000000000000 -> 02000000000000000000000000000000
========================================================================
Received Prepare
Registering precompiled user dll's ...
Registered in 0.001349 seconds.
Begin MonoManager ReloadAssembly
Native extension for LinuxStandalone target not found
Native extension for WindowsStandalone target not found
Native extension for WebGL target not found
Refreshing native plugins compatible for Editor in 0.26 ms, found 0 plugins.
Preloading 0 native plugins for Editor in 0.00 ms.
Invoked RoslynAnalysisRunner static constructor.
RoslynAnalysisRunner will not be running.
RoslynAnalysisRunner has terminated.
Mono: successfully reloaded assembly
- Completed reload, in  1.225 seconds
Platform modules already initialized, skipping
Switching build target platform(5) subTarget(0) extendedPlatform(0) -> platform(13) subTarget(537395200) extendedPlatform(0)
Refreshing native plugins compatible for Editor in 0.20 ms, found 0 plugins.
Preloading 0 native plugins for Editor in 0.00 ms.
Unloading 1119 Unused Serialized files (Serialized files now loaded: 0)
System memory in use before: 57.7 MB.
System memory in use after: 57.7 MB.

Unloading 5 unused Assets to reduce memory usage. Loaded Objects now: 1569.
Total: 2.348300 ms (FindLiveObjects: 0.136400 ms CreateObjectMapping: 0.041300 ms MarkObjects: 2.116100 ms  DeleteObjects: 0.052800 ms)

AssetImportParameters requested are different than current active one (requested -> active):
  custom:graphics/normal-map-encoding: 01000000000000000000000000000000 -> 02000000000000000000000000000000
========================================================================
Received Prepare
Registering precompiled user dll's ...
Registered in 0.000739 seconds.
Begin MonoManager ReloadAssembly
Native extension for LinuxStandalone target not found
Native extension for WindowsStandalone target not found
Native extension for WebGL target not found
Refreshing native plugins compatible for Editor in 0.23 ms, found 0 plugins.
Preloading 0 native plugins for Editor in 0.00 ms.
Invoked RoslynAnalysisRunner static constructor.
RoslynAnalysisRunner will not be running.
RoslynAnalysisRunner has terminated.
Mono: successfully reloaded assembly
- Completed reload, in  0.926 seconds
Platform modules already initialized, skipping
Switching build target platform(5) subTarget(0) extendedPlatform(0) -> platform(13) subTarget(537395200) extendedPlatform(0)
Refreshing native plugins compatible for Editor in 0.20 ms, found 0 plugins.
Preloading 0 native plugins for Editor in 0.00 ms.
Unloading 1119 Unused Serialized files (Serialized files now loaded: 0)
System memory in use before: 57.7 MB.
System memory in use after: 57.8 MB.

Unloading 5 unused Assets to reduce memory usage. Loaded Objects now: 1571.
Total: 2.585800 ms (FindLiveObjects: 0.179300 ms CreateObjectMapping: 0.039000 ms MarkObjects: 2.277900 ms  DeleteObjects: 0.087800 ms)

AssetImportParameters requested are different than current active one (requested -> active):
  custom:graphics/normal-map-encoding: 01000000000000000000000000000000 -> 02000000000000000000000000000000
========================================================================
Received Prepare
Registering precompiled user dll's ...
Registered in 0.000715 seconds.
Begin MonoManager ReloadAssembly
Native extension for LinuxStandalone target not found
Native extension for WindowsStandalone target not found
Native extension for WebGL target not found
Refreshing native plugins compatible for Editor in 0.34 ms, found 0 plugins.
Preloading 0 native plugins for Editor in 0.00 ms.
Invoked RoslynAnalysisRunner static constructor.
RoslynAnalysisRunner will not be running.
RoslynAnalysisRunner has terminated.
Mono: successfully reloaded assembly
- Completed reload, in  1.264 seconds
Platform modules already initialized, skipping
Switching build target platform(5) subTarget(0) extendedPlatform(0) -> platform(13) subTarget(537395200) extendedPlatform(0)
Refreshing native plugins compatible for Editor in 0.21 ms, found 0 plugins.
Preloading 0 native plugins for Editor in 0.00 ms.
Unloading 1119 Unused Serialized files (Serialized files now loaded: 0)
System memory in use before: 57.7 MB.
System memory in use after: 57.8 MB.

Unloading 5 unused Assets to reduce memory usage. Loaded Objects now: 1573.
Total: 1.810500 ms (FindLiveObjects: 0.142500 ms CreateObjectMapping: 0.042700 ms MarkObjects: 1.552200 ms  DeleteObjects: 0.070900 ms)

AssetImportParameters requested are different than current active one (requested -> active):
  custom:graphics/normal-map-encoding: 01000000000000000000000000000000 -> 02000000000000000000000000000000
========================================================================
Received Prepare
Refreshing native plugins compatible for Editor in 0.77 ms, found 0 plugins.
Preloading 0 native plugins for Editor in 0.00 ms.
Unloading 3 Unused Serialized files (Serialized files now loaded: 0)
System memory in use before: 35.9 MB.
System memory in use after: 36.0 MB.

Unloading 3 unused Assets to reduce memory usage. Loaded Objects now: 1573.
Total: 1.611400 ms (FindLiveObjects: 0.126300 ms CreateObjectMapping: 0.039100 ms MarkObjects: 1.385700 ms  DeleteObjects: 0.058600 ms)

========================================================================
Received Prepare
Registering precompiled user dll's ...
Registered in 0.000738 seconds.
Begin MonoManager ReloadAssembly
Native extension for LinuxStandalone target not found
Native extension for WindowsStandalone target not found
Native extension for WebGL target not found
Refreshing native plugins compatible for Editor in 2.29 ms, found 0 plugins.
Preloading 0 native plugins for Editor in 0.00 ms.
Invoked RoslynAnalysisRunner static constructor.
RoslynAnalysisRunner will not be running.
RoslynAnalysisRunner has terminated.
Mono: successfully reloaded assembly
- Completed reload, in  1.067 seconds
Platform modules already initialized, skipping
Refreshing native plugins compatible for Editor in 0.22 ms, found 0 plugins.
Preloading 0 native plugins for Editor in 0.00 ms.
Unloading 1115 Unused Serialized files (Serialized files now loaded: 0)
System memory in use before: 58.6 MB.
System memory in use after: 58.6 MB.

Unloading 5 unused Assets to reduce memory usage. Loaded Objects now: 1575.
Total: 2.217300 ms (FindLiveObjects: 0.148700 ms CreateObjectMapping: 0.043400 ms MarkObjects: 1.965800 ms  DeleteObjects: 0.057700 ms)

========================================================================
Received Prepare
Refreshing native plugins compatible for Editor in 0.91 ms, found 0 plugins.
Preloading 0 native plugins for Editor in 0.00 ms.
Unloading 3 Unused Serialized files (Serialized files now loaded: 0)
System memory in use before: 36.5 MB.
System memory in use after: 36.6 MB.

Unloading 3 unused Assets to reduce memory usage. Loaded Objects now: 1575.
Total: 2.229000 ms (FindLiveObjects: 0.132900 ms CreateObjectMapping: 0.039000 ms MarkObjects: 1.990200 ms  DeleteObjects: 0.064900 ms)

========================================================================
Received Prepare
Registering precompiled user dll's ...
Registered in 0.000850 seconds.
Begin MonoManager ReloadAssembly
Native extension for LinuxStandalone target not found
Native extension for WindowsStandalone target not found
Native extension for WebGL target not found
Refreshing native plugins compatible for Editor in 0.20 ms, found 0 plugins.
Preloading 0 native plugins for Editor in 0.00 ms.
Invoked RoslynAnalysisRunner static constructor.
RoslynAnalysisRunner will not be running.
RoslynAnalysisRunner has terminated.
Mono: successfully reloaded assembly
- Completed reload, in  0.870 seconds
Platform modules already initialized, skipping
Refreshing native plugins compatible for Editor in 0.22 ms, found 0 plugins.
Preloading 0 native plugins for Editor in 0.00 ms.
Unloading 1115 Unused Serialized files (Serialized files now loaded: 0)
System memory in use before: 58.6 MB.
System memory in use after: 58.6 MB.

Unloading 5 unused Assets to reduce memory usage. Loaded Objects now: 1577.
Total: 1.831200 ms (FindLiveObjects: 0.157700 ms CreateObjectMapping: 0.037400 ms MarkObjects: 1.536300 ms  DeleteObjects: 0.098500 ms)

========================================================================
Received Prepare
Registering precompiled user dll's ...
Registered in 0.000811 seconds.
Begin MonoManager ReloadAssembly
Native extension for LinuxStandalone target not found
Native extension for WindowsStandalone target not found
Native extension for WebGL target not found
Refreshing native plugins compatible for Editor in 0.22 ms, found 0 plugins.
Preloading 0 native plugins for Editor in 0.00 ms.
Invoked RoslynAnalysisRunner static constructor.
RoslynAnalysisRunner will not be running.
RoslynAnalysisRunner has terminated.
Mono: successfully reloaded assembly
- Completed reload, in  1.146 seconds
Platform modules already initialized, skipping
Refreshing native plugins compatible for Editor in 0.24 ms, found 0 plugins.
Preloading 0 native plugins for Editor in 0.00 ms.
Unloading 1115 Unused Serialized files (Serialized files now loaded: 0)
System memory in use before: 58.6 MB.
System memory in use after: 58.6 MB.

Unloading 5 unused Assets to reduce memory usage. Loaded Objects now: 1579.
Total: 1.854900 ms (FindLiveObjects: 0.255600 ms CreateObjectMapping: 0.072600 ms MarkObjects: 1.471200 ms  DeleteObjects: 0.053800 ms)

========================================================================
Received Prepare
Registering precompiled user dll's ...
Registered in 0.000906 seconds.
Begin MonoManager ReloadAssembly
Native extension for LinuxStandalone target not found
Native extension for WindowsStandalone target not found
Native extension for WebGL target not found
Refreshing native plugins compatible for Editor in 0.20 ms, found 0 plugins.
Preloading 0 native plugins for Editor in 0.00 ms.
Invoked RoslynAnalysisRunner static constructor.
RoslynAnalysisRunner will not be running.
RoslynAnalysisRunner has terminated.
Mono: successfully reloaded assembly
- Completed reload, in  0.887 seconds
Platform modules already initialized, skipping
Refreshing native plugins compatible for Editor in 0.23 ms, found 0 plugins.
Preloading 0 native plugins for Editor in 0.00 ms.
Unloading 1115 Unused Serialized files (Serialized files now loaded: 0)
System memory in use before: 58.6 MB.
System memory in use after: 58.7 MB.

Unloading 5 unused Assets to reduce memory usage. Loaded Objects now: 1581.
Total: 1.637700 ms (FindLiveObjects: 0.146600 ms CreateObjectMapping: 0.040100 ms MarkObjects: 1.394800 ms  DeleteObjects: 0.055100 ms)

========================================================================
Received Prepare
Registering precompiled user dll's ...
Registered in 0.000847 seconds.
Begin MonoManager ReloadAssembly
Native extension for LinuxStandalone target not found
Native extension for WindowsStandalone target not found
Native extension for WebGL target not found
Refreshing native plugins compatible for Editor in 0.28 ms, found 0 plugins.
Preloading 0 native plugins for Editor in 0.00 ms.
Invoked RoslynAnalysisRunner static constructor.
RoslynAnalysisRunner will not be running.
RoslynAnalysisRunner has terminated.
Mono: successfully reloaded assembly
- Completed reload, in  0.916 seconds
Platform modules already initialized, skipping
Refreshing native plugins compatible for Editor in 0.26 ms, found 0 plugins.
Preloading 0 native plugins for Editor in 0.00 ms.
Unloading 1115 Unused Serialized files (Serialized files now loaded: 0)
System memory in use before: 58.6 MB.
System memory in use after: 58.7 MB.

Unloading 5 unused Assets to reduce memory usage. Loaded Objects now: 1583.
Total: 1.970500 ms (FindLiveObjects: 0.125400 ms CreateObjectMapping: 0.036200 ms MarkObjects: 1.719600 ms  DeleteObjects: 0.088300 ms)

========================================================================
Received Prepare
Registering precompiled user dll's ...
Registered in 0.000739 seconds.
Begin MonoManager ReloadAssembly
Native extension for LinuxStandalone target not found
Native extension for WindowsStandalone target not found
Native extension for WebGL target not found
Refreshing native plugins compatible for Editor in 0.24 ms, found 0 plugins.
Preloading 0 native plugins for Editor in 0.00 ms.
Invoked RoslynAnalysisRunner static constructor.
RoslynAnalysisRunner will not be running.
RoslynAnalysisRunner has terminated.
Mono: successfully reloaded assembly
- Completed reload, in  0.872 seconds
Platform modules already initialized, skipping
Refreshing native plugins compatible for Editor in 0.22 ms, found 0 plugins.
Preloading 0 native plugins for Editor in 0.00 ms.
Unloading 1115 Unused Serialized files (Serialized files now loaded: 0)
System memory in use before: 58.6 MB.
System memory in use after: 58.7 MB.

Unloading 5 unused Assets to reduce memory usage. Loaded Objects now: 1585.
Total: 1.917100 ms (FindLiveObjects: 0.199500 ms CreateObjectMapping: 0.059400 ms MarkObjects: 1.587200 ms  DeleteObjects: 0.069200 ms)

========================================================================
Received Import Request.
  Time since last request: 1506.088051 seconds.
  path: Assets/PreFab/Itens/Coin.prefab
  artifactKey: Guid(3f4f9f046d80e23419bffc1892814af4) Importer(815301076,1909f56bfc062723c751e8b465ee728b)
Start importing Assets/PreFab/Itens/Coin.prefab using Guid(3f4f9f046d80e23419bffc1892814af4) Importer(815301076,1909f56bfc062723c751e8b465ee728b)  -> (artifact id: '9adf60ee9681199dc04241bba46dc83e') in 0.097114 seconds
  Import took 0.099364 seconds .

========================================================================
Received Prepare
Registering precompiled user dll's ...
Registered in 0.000757 seconds.
Begin MonoManager ReloadAssembly
Native extension for LinuxStandalone target not found
Native extension for WindowsStandalone target not found
Native extension for WebGL target not found
Refreshing native plugins compatible for Editor in 0.25 ms, found 0 plugins.
Preloading 0 native plugins for Editor in 0.00 ms.
Invoked RoslynAnalysisRunner static constructor.
RoslynAnalysisRunner will not be running.
RoslynAnalysisRunner has terminated.
Mono: successfully reloaded assembly
- Completed reload, in  2.014 seconds
Platform modules already initialized, skipping
Refreshing native plugins compatible for Editor in 0.21 ms, found 0 plugins.
Preloading 0 native plugins for Editor in 0.00 ms.
Unloading 1115 Unused Serialized files (Serialized files now loaded: 0)
System memory in use before: 61.8 MB.
System memory in use after: 61.8 MB.

Unloading 6 unused Assets to reduce memory usage. Loaded Objects now: 1595.
Total: 1.778700 ms (FindLiveObjects: 0.133000 ms CreateObjectMapping: 0.037700 ms MarkObjects: 1.529700 ms  DeleteObjects: 0.076900 ms)

========================================================================
Received Prepare
Refreshing native plugins compatible for Editor in 0.78 ms, found 0 plugins.
Preloading 0 native plugins for Editor in 0.00 ms.
Unloading 3 Unused Serialized files (Serialized files now loaded: 0)
System memory in use before: 39.7 MB.
System memory in use after: 39.8 MB.

Unloading 3 unused Assets to reduce memory usage. Loaded Objects now: 1595.
Total: 2.525000 ms (FindLiveObjects: 0.133700 ms CreateObjectMapping: 0.039800 ms MarkObjects: 2.295300 ms  DeleteObjects: 0.054500 ms)

========================================================================
Received Import Request.
  Time since last request: 966.516735 seconds.
  path: Assets/Scenes/AndroidApk.unity
  artifactKey: Guid(602aed5cda5497643ba0dc5c7bffbee1) Importer(815301076,1909f56bfc062723c751e8b465ee728b)
Start importing Assets/Scenes/AndroidApk.unity using Guid(602aed5cda5497643ba0dc5c7bffbee1) Importer(815301076,1909f56bfc062723c751e8b465ee728b)  -> (artifact id: '5d5c716b9709cd3aa4b638e4033b6bdb') in 0.025786 seconds
  Import took 0.030008 seconds .

========================================================================
Received Import Request.
  Time since last request: 5.414810 seconds.
  path: Assets/Scenes/PC.unity
  artifactKey: Guid(04dd223cba7770a45b0a4db895f84340) Importer(815301076,1909f56bfc062723c751e8b465ee728b)
Start importing Assets/Scenes/PC.unity using Guid(04dd223cba7770a45b0a4db895f84340) Importer(815301076,1909f56bfc062723c751e8b465ee728b)  -> (artifact id: '8c4e34119760a9b3738a9dc2c1322b6e') in 0.021294 seconds
  Import took 0.024608 seconds .

========================================================================
Received Import Request.
  Time since last request: 7.042054 seconds.
  path: Assets/PreFab/Fases/Fase2.prefab
  artifactKey: Guid(fd515f7048e52b64c92e24c944da0559) Importer(815301076,1909f56bfc062723c751e8b465ee728b)
Start importing Assets/PreFab/Fases/Fase2.prefab using Guid(fd515f7048e52b64c92e24c944da0559) Importer(815301076,1909f56bfc062723c751e8b465ee728b)  -> (artifact id: '44508513ded90fa1279fcf4fb3a2e533') in 0.079207 seconds
  Import took 0.082707 seconds .

========================================================================
Received Prepare
Registering precompiled user dll's ...
Registered in 0.000695 seconds.
Begin MonoManager ReloadAssembly
Native extension for LinuxStandalone target not found
Native extension for WindowsStandalone target not found
Native extension for WebGL target not found
Refreshing native plugins compatible for Editor in 0.22 ms, found 0 plugins.
Preloading 0 native plugins for Editor in 0.00 ms.
Invoked RoslynAnalysisRunner static constructor.
RoslynAnalysisRunner will not be running.
RoslynAnalysisRunner has terminated.
Mono: successfully reloaded assembly
- Completed reload, in  1.405 seconds
Platform modules already initialized, skipping
Refreshing native plugins compatible for Editor in 0.25 ms, found 0 plugins.
Preloading 0 native plugins for Editor in 0.00 ms.
Unloading 1115 Unused Serialized files (Serialized files now loaded: 0)
System memory in use before: 61.9 MB.
System memory in use after: 61.9 MB.

Unloading 8 unused Assets to reduce memory usage. Loaded Objects now: 1599.
Total: 2.142500 ms (FindLiveObjects: 0.166900 ms CreateObjectMapping: 0.037000 ms MarkObjects: 1.839800 ms  DeleteObjects: 0.096600 ms)

========================================================================
Received Prepare
Registering precompiled user dll's ...
Registered in 0.000841 seconds.
Begin MonoManager ReloadAssembly
Native extension for LinuxStandalone target not found
Native extension for WindowsStandalone target not found
Native extension for WebGL target not found
Refreshing native plugins compatible for Editor in 0.22 ms, found 0 plugins.
Preloading 0 native plugins for Editor in 0.00 ms.
Invoked RoslynAnalysisRunner static constructor.
RoslynAnalysisRunner will not be running.
RoslynAnalysisRunner has terminated.
Mono: successfully reloaded assembly
- Completed reload, in  1.121 seconds
Platform modules already initialized, skipping
Refreshing native plugins compatible for Editor in 0.28 ms, found 0 plugins.
Preloading 0 native plugins for Editor in 0.00 ms.
Unloading 1115 Unused Serialized files (Serialized files now loaded: 0)
System memory in use before: 61.9 MB.
System memory in use after: 61.9 MB.

Unloading 5 unused Assets to reduce memory usage. Loaded Objects now: 1601.
Total: 2.595300 ms (FindLiveObjects: 0.190600 ms CreateObjectMapping: 0.055400 ms MarkObjects: 2.288700 ms  DeleteObjects: 0.059100 ms)

========================================================================
Received Import Request.
  Time since last request: 137.297824 seconds.
  path: Assets/PreFab/Fases/Fase1.prefab
  artifactKey: Guid(bf3ddda881559c94e8b1538faa128766) Importer(815301076,1909f56bfc062723c751e8b465ee728b)
Start importing Assets/PreFab/Fases/Fase1.prefab using Guid(bf3ddda881559c94e8b1538faa128766) Importer(815301076,1909f56bfc062723c751e8b465ee728b)  -> (artifact id: 'ec28a6c78d5eaeb6b5939c03403b099a') in 0.082627 seconds
  Import took 0.092798 seconds .

========================================================================
Received Import Request.
  Time since last request: 2.234970 seconds.
  path: Assets/PreFab/Fases/Fase1.prefab
  artifactKey: Guid(bf3ddda881559c94e8b1538faa128766) Importer(815301076,1909f56bfc062723c751e8b465ee728b)
Start importing Assets/PreFab/Fases/Fase1.prefab using Guid(bf3ddda881559c94e8b1538faa128766) Importer(815301076,1909f56bfc062723c751e8b465ee728b)  -> (artifact id: '6bce663626954ba539db82ad0a2586e5') in 0.027428 seconds
  Import took 0.032399 seconds .

========================================================================
Received Prepare
Registering precompiled user dll's ...
Registered in 0.000795 seconds.
Begin MonoManager ReloadAssembly
Native extension for LinuxStandalone target not found
Native extension for WindowsStandalone target not found
Native extension for WebGL target not found
Refreshing native plugins compatible for Editor in 0.21 ms, found 0 plugins.
Preloading 0 native plugins for Editor in 0.00 ms.
Invoked RoslynAnalysisRunner static constructor.
RoslynAnalysisRunner will not be running.
RoslynAnalysisRunner has terminated.
Mono: successfully reloaded assembly
- Completed reload, in  0.882 seconds
Platform modules already initialized, skipping
Refreshing native plugins compatible for Editor in 0.21 ms, found 0 plugins.
Preloading 0 native plugins for Editor in 0.00 ms.
Unloading 1115 Unused Serialized files (Serialized files now loaded: 0)
System memory in use before: 61.8 MB.
System memory in use after: 61.9 MB.

Unloading 8 unused Assets to reduce memory usage. Loaded Objects now: 1604.
Total: 1.680100 ms (FindLiveObjects: 0.140400 ms CreateObjectMapping: 0.036800 ms MarkObjects: 1.425800 ms  DeleteObjects: 0.075300 ms)

========================================================================
Received Prepare
Registering precompiled user dll's ...
Registered in 0.000879 seconds.
Begin MonoManager ReloadAssembly
Native extension for LinuxStandalone target not found
Native extension for WindowsStandalone target not found
Native extension for WebGL target not found
Refreshing native plugins compatible for Editor in 0.22 ms, found 0 plugins.
Preloading 0 native plugins for Editor in 0.00 ms.
Invoked RoslynAnalysisRunner static constructor.
RoslynAnalysisRunner will not be running.
RoslynAnalysisRunner has terminated.
Mono: successfully reloaded assembly
- Completed reload, in  0.915 seconds
Platform modules already initialized, skipping
Refreshing native plugins compatible for Editor in 0.33 ms, found 0 plugins.
Preloading 0 native plugins for Editor in 0.00 ms.
Unloading 1115 Unused Serialized files (Serialized files now loaded: 0)
System memory in use before: 61.8 MB.
System memory in use after: 61.9 MB.

Unloading 5 unused Assets to reduce memory usage. Loaded Objects now: 1606.
Total: 1.723400 ms (FindLiveObjects: 0.125500 ms CreateObjectMapping: 0.035300 ms MarkObjects: 1.477000 ms  DeleteObjects: 0.084400 ms)

========================================================================
Received Prepare
Registering precompiled user dll's ...
Registered in 0.000730 seconds.
Begin MonoManager ReloadAssembly
Native extension for LinuxStandalone target not found
Native extension for WindowsStandalone target not found
Native extension for WebGL target not found
Refreshing native plugins compatible for Editor in 0.22 ms, found 0 plugins.
Preloading 0 native plugins for Editor in 0.00 ms.
Invoked RoslynAnalysisRunner static constructor.
RoslynAnalysisRunner will not be running.
RoslynAnalysisRunner has terminated.
Mono: successfully reloaded assembly
- Completed reload, in  0.907 seconds
Platform modules already initialized, skipping
Refreshing native plugins compatible for Editor in 0.22 ms, found 0 plugins.
Preloading 0 native plugins for Editor in 0.00 ms.
Unloading 1115 Unused Serialized files (Serialized files now loaded: 0)
System memory in use before: 61.9 MB.
System memory in use after: 62.0 MB.

Unloading 5 unused Assets to reduce memory usage. Loaded Objects now: 1608.
Total: 1.814800 ms (FindLiveObjects: 0.147900 ms CreateObjectMapping: 0.045300 ms MarkObjects: 1.555700 ms  DeleteObjects: 0.064100 ms)

========================================================================
Received Prepare
Registering precompiled user dll's ...
Registered in 0.000748 seconds.
Begin MonoManager ReloadAssembly
Native extension for LinuxStandalone target not found
Native extension for WindowsStandalone target not found
Native extension for WebGL target not found
Refreshing native plugins compatible for Editor in 0.22 ms, found 0 plugins.
Preloading 0 native plugins for Editor in 0.00 ms.
Invoked RoslynAnalysisRunner static constructor.
RoslynAnalysisRunner will not be running.
RoslynAnalysisRunner has terminated.
Mono: successfully reloaded assembly
- Completed reload, in  0.832 seconds
Platform modules already initialized, skipping
Refreshing native plugins compatible for Editor in 0.21 ms, found 0 plugins.
Preloading 0 native plugins for Editor in 0.00 ms.
Unloading 1115 Unused Serialized files (Serialized files now loaded: 0)
System memory in use before: 61.9 MB.
System memory in use after: 62.0 MB.

Unloading 5 unused Assets to reduce memory usage. Loaded Objects now: 1610.
Total: 1.759800 ms (FindLiveObjects: 0.137200 ms CreateObjectMapping: 0.038700 ms MarkObjects: 1.521000 ms  DeleteObjects: 0.061400 ms)

========================================================================
Received Prepare
Refreshing native plugins compatible for Editor in 0.76 ms, found 0 plugins.
Preloading 0 native plugins for Editor in 0.00 ms.
Unloading 3 Unused Serialized files (Serialized files now loaded: 0)
System memory in use before: 39.8 MB.
System memory in use after: 39.9 MB.

Unloading 3 unused Assets to reduce memory usage. Loaded Objects now: 1610.
Total: 1.760400 ms (FindLiveObjects: 0.136600 ms CreateObjectMapping: 0.040700 ms MarkObjects: 1.526500 ms  DeleteObjects: 0.055000 ms)

========================================================================
Received Prepare
Registering precompiled user dll's ...
Registered in 0.000770 seconds.
Begin MonoManager ReloadAssembly
Native extension for LinuxStandalone target not found
Native extension for WindowsStandalone target not found
Native extension for WebGL target not found
Refreshing native plugins compatible for Editor in 0.31 ms, found 0 plugins.
Preloading 0 native plugins for Editor in 0.00 ms.
Invoked RoslynAnalysisRunner static constructor.
RoslynAnalysisRunner will not be running.
RoslynAnalysisRunner has terminated.
Mono: successfully reloaded assembly
- Completed reload, in  1.636 seconds
Platform modules already initialized, skipping
Switching build target platform(5) subTarget(0) extendedPlatform(0) -> platform(13) subTarget(537395200) extendedPlatform(0)
Refreshing native plugins compatible for Editor in 0.31 ms, found 0 plugins.
Preloading 0 native plugins for Editor in 0.00 ms.
Unloading 1119 Unused Serialized files (Serialized files now loaded: 0)
System memory in use before: 61.0 MB.
System memory in use after: 61.1 MB.

Unloading 5 unused Assets to reduce memory usage. Loaded Objects now: 1612.
Total: 2.128700 ms (FindLiveObjects: 0.140600 ms CreateObjectMapping: 0.040500 ms MarkObjects: 1.886100 ms  DeleteObjects: 0.058900 ms)

AssetImportParameters requested are different than current active one (requested -> active):
  custom:graphics/normal-map-encoding: 01000000000000000000000000000000 -> 02000000000000000000000000000000
========================================================================
Received Prepare
Refreshing native plugins compatible for Editor in 0.77 ms, found 0 plugins.
Preloading 0 native plugins for Editor in 0.00 ms.
Unloading 3 Unused Serialized files (Serialized files now loaded: 0)
System memory in use before: 39.3 MB.
System memory in use after: 39.4 MB.

Unloading 3 unused Assets to reduce memory usage. Loaded Objects now: 1612.
Total: 1.660700 ms (FindLiveObjects: 0.170500 ms CreateObjectMapping: 0.039300 ms MarkObjects: 1.397800 ms  DeleteObjects: 0.051500 ms)

========================================================================
Received Prepare
Registering precompiled user dll's ...
Registered in 0.001060 seconds.
Begin MonoManager ReloadAssembly
Native extension for LinuxStandalone target not found
Native extension for WindowsStandalone target not found
Native extension for WebGL target not found
Refreshing native plugins compatible for Editor in 0.23 ms, found 0 plugins.
Preloading 0 native plugins for Editor in 0.00 ms.
Invoked RoslynAnalysisRunner static constructor.
RoslynAnalysisRunner will not be running.
RoslynAnalysisRunner has terminated.
Mono: successfully reloaded assembly
- Completed reload, in  1.231 seconds
Platform modules already initialized, skipping
Switching build target platform(5) subTarget(0) extendedPlatform(0) -> platform(13) subTarget(537395200) extendedPlatform(0)
Refreshing native plugins compatible for Editor in 0.20 ms, found 0 plugins.
Preloading 0 native plugins for Editor in 0.00 ms.
Unloading 1119 Unused Serialized files (Serialized files now loaded: 0)
System memory in use before: 61.0 MB.
System memory in use after: 61.1 MB.

Unloading 5 unused Assets to reduce memory usage. Loaded Objects now: 1614.
Total: 1.821900 ms (FindLiveObjects: 0.165800 ms CreateObjectMapping: 0.038100 ms MarkObjects: 1.522800 ms  DeleteObjects: 0.093400 ms)

AssetImportParameters requested are different than current active one (requested -> active):
  custom:graphics/normal-map-encoding: 01000000000000000000000000000000 -> 02000000000000000000000000000000
========================================================================
Received Prepare
Refreshing native plugins compatible for Editor in 0.75 ms, found 0 plugins.
Preloading 0 native plugins for Editor in 0.00 ms.
Unloading 3 Unused Serialized files (Serialized files now loaded: 0)
System memory in use before: 39.3 MB.
System memory in use after: 39.4 MB.

Unloading 3 unused Assets to reduce memory usage. Loaded Objects now: 1614.
Total: 1.919800 ms (FindLiveObjects: 0.160600 ms CreateObjectMapping: 0.041800 ms MarkObjects: 1.642000 ms  DeleteObjects: 0.074200 ms)

========================================================================
Received Import Request.
  Time since last request: 1353.480865 seconds.
  path: Assets/Script/ArmsRotate.cs
  artifactKey: Guid(c4475d7132597544cbd30e21cf6a59a9) Importer(815301076,1909f56bfc062723c751e8b465ee728b)
Start importing Assets/Script/ArmsRotate.cs using Guid(c4475d7132597544cbd30e21cf6a59a9) Importer(815301076,1909f56bfc062723c751e8b465ee728b)  -> (artifact id: '0d0cf2177bebcd30d4a288bff3101b0b') in 0.021392 seconds
  Import took 0.024425 seconds .

========================================================================
Received Import Request.
  Time since last request: 0.014032 seconds.
  path: Assets/Script/ArmsRotate.cs
  artifactKey: Guid(c4475d7132597544cbd30e21cf6a59a9) Importer(815301076,1909f56bfc062723c751e8b465ee728b)
Start importing Assets/Script/ArmsRotate.cs using Guid(c4475d7132597544cbd30e21cf6a59a9) Importer(815301076,1909f56bfc062723c751e8b465ee728b)  -> (artifact id: '0d0cf2177bebcd30d4a288bff3101b0b') in 0.011802 seconds
  Import took 0.014679 seconds .

========================================================================
Received Prepare
Registering precompiled user dll's ...
Registered in 0.000754 seconds.
Begin MonoManager ReloadAssembly
Native extension for LinuxStandalone target not found
Native extension for WindowsStandalone target not found
Native extension for WebGL target not found
Refreshing native plugins compatible for Editor in 0.20 ms, found 0 plugins.
Preloading 0 native plugins for Editor in 0.00 ms.
Invoked RoslynAnalysisRunner static constructor.
RoslynAnalysisRunner will not be running.
RoslynAnalysisRunner has terminated.
Mono: successfully reloaded assembly
- Completed reload, in  1.042 seconds
Platform modules already initialized, skipping
Switching build target platform(5) subTarget(0) extendedPlatform(0) -> platform(13) subTarget(537395200) extendedPlatform(0)
Refreshing native plugins compatible for Editor in 0.19 ms, found 0 plugins.
Preloading 0 native plugins for Editor in 0.00 ms.
Unloading 1119 Unused Serialized files (Serialized files now loaded: 0)
System memory in use before: 61.0 MB.
System memory in use after: 61.1 MB.

Unloading 5 unused Assets to reduce memory usage. Loaded Objects now: 1616.
Total: 2.012100 ms (FindLiveObjects: 0.161500 ms CreateObjectMapping: 0.037400 ms MarkObjects: 1.722500 ms  DeleteObjects: 0.089000 ms)

AssetImportParameters requested are different than current active one (requested -> active):
  custom:graphics/normal-map-encoding: 01000000000000000000000000000000 -> 02000000000000000000000000000000
========================================================================
Received Import Request.
  Time since last request: 22.089737 seconds.
  path: Assets/Script/ArmsRotate.cs
  artifactKey: Guid(c4475d7132597544cbd30e21cf6a59a9) Importer(815301076,1909f56bfc062723c751e8b465ee728b)
Start importing Assets/Script/ArmsRotate.cs using Guid(c4475d7132597544cbd30e21cf6a59a9) Importer(815301076,1909f56bfc062723c751e8b465ee728b)  -> (artifact id: '2aeb62842858361ed5203687db340c27') in 0.004795 seconds
  Import took 0.007897 seconds .

========================================================================
Received Prepare
Refreshing native plugins compatible for Editor in 0.76 ms, found 0 plugins.
Preloading 0 native plugins for Editor in 0.00 ms.
Unloading 3 Unused Serialized files (Serialized files now loaded: 0)
System memory in use before: 39.3 MB.
System memory in use after: 39.4 MB.

Unloading 3 unused Assets to reduce memory usage. Loaded Objects now: 1616.
Total: 1.951600 ms (FindLiveObjects: 0.132200 ms CreateObjectMapping: 0.039600 ms MarkObjects: 1.663900 ms  DeleteObjects: 0.114500 ms)

========================================================================
Received Prepare
Registering precompiled user dll's ...
Registered in 0.000711 seconds.
Begin MonoManager ReloadAssembly
Native extension for LinuxStandalone target not found
Native extension for WindowsStandalone target not found
Native extension for WebGL target not found
Refreshing native plugins compatible for Editor in 0.21 ms, found 0 plugins.
Preloading 0 native plugins for Editor in 0.00 ms.
Invoked RoslynAnalysisRunner static constructor.
RoslynAnalysisRunner will not be running.
RoslynAnalysisRunner has terminated.
Mono: successfully reloaded assembly
- Completed reload, in  1.583 seconds
Platform modules already initialized, skipping
Refreshing native plugins compatible for Editor in 0.21 ms, found 0 plugins.
Preloading 0 native plugins for Editor in 0.00 ms.
Unloading 1115 Unused Serialized files (Serialized files now loaded: 0)
System memory in use before: 61.9 MB.
System memory in use after: 62.0 MB.

Unloading 5 unused Assets to reduce memory usage. Loaded Objects now: 1618.
Total: 1.918800 ms (FindLiveObjects: 0.204800 ms CreateObjectMapping: 0.047000 ms MarkObjects: 1.603600 ms  DeleteObjects: 0.061000 ms)

========================================================================
Received Prepare
Refreshing native plugins compatible for Editor in 0.79 ms, found 0 plugins.
Preloading 0 native plugins for Editor in 0.00 ms.
Unloading 3 Unused Serialized files (Serialized files now loaded: 0)
System memory in use before: 39.8 MB.
System memory in use after: 39.9 MB.

Unloading 3 unused Assets to reduce memory usage. Loaded Objects now: 1618.
Total: 1.753900 ms (FindLiveObjects: 0.138300 ms CreateObjectMapping: 0.043700 ms MarkObjects: 1.479500 ms  DeleteObjects: 0.090800 ms)

========================================================================
Received Prepare
Refreshing native plugins compatible for Editor in 1.22 ms, found 0 plugins.
Preloading 0 native plugins for Editor in 0.00 ms.
Unloading 3 Unused Serialized files (Serialized files now loaded: 0)
System memory in use before: 39.8 MB.
System memory in use after: 39.9 MB.

Unloading 3 unused Assets to reduce memory usage. Loaded Objects now: 1618.
Total: 2.346600 ms (FindLiveObjects: 0.141200 ms CreateObjectMapping: 0.041900 ms MarkObjects: 2.109700 ms  DeleteObjects: 0.051900 ms)

