Using pre-set license
Built from '2020.2/release' branch; Version is '2020.2.4f1 (becced5a802b) revision 12504301'; Using compiler version '192528614'; Build Type 'Release'
OS: 'Windows 10 Home Single Language; OS build 19041.928; Version 2004; 64bit' Language: 'pt' Physical Memory: 16344 MB
BatchMode: 1, IsHumanControllingUs: 0, StartBugReporterOnCrash: 0, Is64bit: 1, IsPro: 0

 COMMAND LINE ARGUMENTS:
C:\Program Files\Unity\Hub\Editor\2020.2.4f1\Editor\Unity.exe
-adb2
-batchMode
-noUpm
-name
AssetImportWorker1
-projectPath
C:/Unity/VP Sidny TDU C#
-logFile
Logs/AssetImportWorker1.log
-srvPort
59320
Successfully changed project path to: C:/Unity/VP Sidny TDU C#
C:/Unity/VP Sidny TDU C#
Using Asset Import Pipeline V2.
Refreshing native plugins compatible for Editor in 28.94 ms, found 0 plugins.
Preloading 0 native plugins for Editor in 0.00 ms.
Initialize engine version: 2020.2.4f1 (becced5a802b)
[Subsystems] Discovering subsystems at path C:/Program Files/Unity/Hub/Editor/2020.2.4f1/Editor/Data/Resources/UnitySubsystems
[Subsystems] Discovering subsystems at path C:/Unity/VP Sidny TDU C#/Assets
GfxDevice: creating device client; threaded=0
Direct3D:
    Version:  Direct3D 11.0 [level 11.1]
    Renderer: NVIDIA GeForce GTX 1050 Ti (ID=0x1c82)
    Vendor:   
    VRAM:     4018 MB
    Driver:   27.21.14.6589
Initialize mono
Mono path[0] = 'C:/Program Files/Unity/Hub/Editor/2020.2.4f1/Editor/Data/Managed'
Mono path[1] = 'C:/Program Files/Unity/Hub/Editor/2020.2.4f1/Editor/Data/MonoBleedingEdge/lib/mono/unityjit'
Mono config path = 'C:/Program Files/Unity/Hub/Editor/2020.2.4f1/Editor/Data/MonoBleedingEdge/etc'
Using monoOptions --debugger-agent=transport=dt_socket,embedding=1,server=y,suspend=n,address=127.0.0.1:56768
Begin MonoManager ReloadAssembly
Registering precompiled unity dll's ...
Register platform support module: C:/Program Files/Unity/Hub/Editor/2020.2.4f1/Editor/Data/PlaybackEngines/WebGLSupport/UnityEditor.WebGL.Extensions.dll
Register platform support module: C:/Program Files/Unity/Hub/Editor/2020.2.4f1/Editor/Data/PlaybackEngines/WindowsStandaloneSupport/UnityEditor.WindowsStandalone.Extensions.dll
Register platform support module: C:/Program Files/Unity/Hub/Editor/2020.2.4f1/Editor/Data/PlaybackEngines/LinuxStandaloneSupport/UnityEditor.LinuxStandalone.Extensions.dll
Registered in 0.003189 seconds.
Native extension for LinuxStandalone target not found
Native extension for WindowsStandalone target not found
Native extension for WebGL target not found
Refreshing native plugins compatible for Editor in 26.68 ms, found 0 plugins.
Preloading 0 native plugins for Editor in 0.00 ms.
Invoked RoslynAnalysisRunner static constructor.
RoslynAnalysisRunner will not be running.
RoslynAnalysisRunner has terminated.
Mono: successfully reloaded assembly
- Completed reload, in  2.847 seconds
Platform modules already initialized, skipping
Registering precompiled user dll's ...
Registered in 0.000865 seconds.
Begin MonoManager ReloadAssembly
Native extension for LinuxStandalone target not found
Native extension for WindowsStandalone target not found
Native extension for WebGL target not found
Refreshing native plugins compatible for Editor in 0.21 ms, found 0 plugins.
Preloading 0 native plugins for Editor in 0.00 ms.
Invoked RoslynAnalysisRunner static constructor.
RoslynAnalysisRunner will not be running.
RoslynAnalysisRunner has terminated.
Mono: successfully reloaded assembly
- Completed reload, in  0.968 seconds
Platform modules already initialized, skipping
========================================================================
Worker process is ready to serve import requests
Launched and connected shader compiler UnityShaderCompiler.exe after 0.10 seconds
Refreshing native plugins compatible for Editor in 0.29 ms, found 0 plugins.
Preloading 0 native plugins for Editor in 0.00 ms.
Unloading 1121 Unused Serialized files (Serialized files now loaded: 0)
System memory in use before: 58.6 MB.
System memory in use after: 58.6 MB.

Unloading 10 unused Assets to reduce memory usage. Loaded Objects now: 1566.
Total: 2.122400 ms (FindLiveObjects: 0.127500 ms CreateObjectMapping: 0.037000 ms MarkObjects: 1.838600 ms  DeleteObjects: 0.118200 ms)

========================================================================
Received Import Request.
  path: Assets/PreFab/Itens/Coin.prefab
  artifactKey: Guid(3f4f9f046d80e23419bffc1892814af4) Importer(815301076,1909f56bfc062723c751e8b465ee728b)
Start importing Assets/PreFab/Itens/Coin.prefab using Guid(3f4f9f046d80e23419bffc1892814af4) Importer(815301076,1909f56bfc062723c751e8b465ee728b)  -> (artifact id: '03cf3a3751c8fd23a1f91f656633b669') in 0.142565 seconds
  Import took 0.144648 seconds .

========================================================================
Received Import Request.
  Time since last request: 33.607608 seconds.
  path: Assets/PreFab/Fases/Fase2.prefab
  artifactKey: Guid(fd515f7048e52b64c92e24c944da0559) Importer(815301076,1909f56bfc062723c751e8b465ee728b)
Start importing Assets/PreFab/Fases/Fase2.prefab using Guid(fd515f7048e52b64c92e24c944da0559) Importer(815301076,1909f56bfc062723c751e8b465ee728b)  -> (artifact id: 'f2f6458c58f3a7ad03ebc1db6d255ca6') in 0.027584 seconds
  Import took 0.031676 seconds .

========================================================================
Received Import Request.
  Time since last request: 1.974274 seconds.
  path: Assets/PreFab/Fases/Fase3.prefab
  artifactKey: Guid(59bb1e57ffc20d244bd7d3aadbff21ae) Importer(815301076,1909f56bfc062723c751e8b465ee728b)
Start importing Assets/PreFab/Fases/Fase3.prefab using Guid(59bb1e57ffc20d244bd7d3aadbff21ae) Importer(815301076,1909f56bfc062723c751e8b465ee728b)  -> (artifact id: '495a5442f64671a5616611157591e8d6') in 0.031026 seconds
  Import took 0.034224 seconds .

========================================================================
Received Prepare
Registering precompiled user dll's ...
Registered in 0.001521 seconds.
Begin MonoManager ReloadAssembly
Native extension for LinuxStandalone target not found
Native extension for WindowsStandalone target not found
Native extension for WebGL target not found
Refreshing native plugins compatible for Editor in 0.20 ms, found 0 plugins.
Preloading 0 native plugins for Editor in 0.00 ms.
Invoked RoslynAnalysisRunner static constructor.
RoslynAnalysisRunner will not be running.
RoslynAnalysisRunner has terminated.
Mono: successfully reloaded assembly
- Completed reload, in  0.945 seconds
Platform modules already initialized, skipping
Refreshing native plugins compatible for Editor in 0.21 ms, found 0 plugins.
Preloading 0 native plugins for Editor in 0.00 ms.
Unloading 1116 Unused Serialized files (Serialized files now loaded: 0)
System memory in use before: 61.9 MB.
System memory in use after: 61.9 MB.

Unloading 9 unused Assets to reduce memory usage. Loaded Objects now: 1578.
Total: 1.624500 ms (FindLiveObjects: 0.119300 ms CreateObjectMapping: 0.033800 ms MarkObjects: 1.369100 ms  DeleteObjects: 0.100800 ms)

========================================================================
Received Import Request.
  Time since last request: 127.791259 seconds.
  path: Assets/PreFab/Fases/Fase3.prefab
  artifactKey: Guid(59bb1e57ffc20d244bd7d3aadbff21ae) Importer(815301076,1909f56bfc062723c751e8b465ee728b)
Start importing Assets/PreFab/Fases/Fase3.prefab using Guid(59bb1e57ffc20d244bd7d3aadbff21ae) Importer(815301076,1909f56bfc062723c751e8b465ee728b)  -> (artifact id: 'cd12ee3c0c531289725b796f65b52588') in 0.116127 seconds
  Import took 0.119622 seconds .

========================================================================
Received Prepare
Registering precompiled user dll's ...
Registered in 0.001608 seconds.
Begin MonoManager ReloadAssembly
Native extension for LinuxStandalone target not found
Native extension for WindowsStandalone target not found
Native extension for WebGL target not found
Refreshing native plugins compatible for Editor in 0.30 ms, found 0 plugins.
Preloading 0 native plugins for Editor in 0.00 ms.
Invoked RoslynAnalysisRunner static constructor.
RoslynAnalysisRunner will not be running.
RoslynAnalysisRunner has terminated.
Mono: successfully reloaded assembly
- Completed reload, in  1.466 seconds
Platform modules already initialized, skipping
Refreshing native plugins compatible for Editor in 0.41 ms, found 0 plugins.
Preloading 0 native plugins for Editor in 0.00 ms.
Unloading 1116 Unused Serialized files (Serialized files now loaded: 0)
System memory in use before: 61.9 MB.
System memory in use after: 62.0 MB.

Unloading 8 unused Assets to reduce memory usage. Loaded Objects now: 1581.
Total: 2.559300 ms (FindLiveObjects: 0.148200 ms CreateObjectMapping: 0.038400 ms MarkObjects: 2.294100 ms  DeleteObjects: 0.076600 ms)

========================================================================
Received Import Request.
  Time since last request: 280.120913 seconds.
  path: Assets/PreFab/Fases/Fase3.prefab
  artifactKey: Guid(59bb1e57ffc20d244bd7d3aadbff21ae) Importer(815301076,1909f56bfc062723c751e8b465ee728b)
Start importing Assets/PreFab/Fases/Fase3.prefab using Guid(59bb1e57ffc20d244bd7d3aadbff21ae) Importer(815301076,1909f56bfc062723c751e8b465ee728b)  -> (artifact id: '73eed9e51c6c43cd4a4047b0b5031f76') in 0.106666 seconds
  Import took 0.111873 seconds .

========================================================================
Received Prepare
Registering precompiled user dll's ...
Registered in 0.000913 seconds.
Begin MonoManager ReloadAssembly
Native extension for LinuxStandalone target not found
Native extension for WindowsStandalone target not found
Native extension for WebGL target not found
Refreshing native plugins compatible for Editor in 0.28 ms, found 0 plugins.
Preloading 0 native plugins for Editor in 0.00 ms.
Invoked RoslynAnalysisRunner static constructor.
RoslynAnalysisRunner will not be running.
RoslynAnalysisRunner has terminated.
Mono: successfully reloaded assembly
- Completed reload, in  1.341 seconds
Platform modules already initialized, skipping
Refreshing native plugins compatible for Editor in 0.23 ms, found 0 plugins.
Preloading 0 native plugins for Editor in 0.00 ms.
Unloading 1116 Unused Serialized files (Serialized files now loaded: 0)
System memory in use before: 61.9 MB.
System memory in use after: 62.0 MB.

Unloading 8 unused Assets to reduce memory usage. Loaded Objects now: 1584.
Total: 3.886000 ms (FindLiveObjects: 0.132000 ms CreateObjectMapping: 0.038900 ms MarkObjects: 3.622000 ms  DeleteObjects: 0.090800 ms)

========================================================================
Received Prepare
Registering precompiled user dll's ...
Registered in 0.000729 seconds.
Begin MonoManager ReloadAssembly
Native extension for LinuxStandalone target not found
Native extension for WindowsStandalone target not found
Native extension for WebGL target not found
Refreshing native plugins compatible for Editor in 0.21 ms, found 0 plugins.
Preloading 0 native plugins for Editor in 0.00 ms.
Invoked RoslynAnalysisRunner static constructor.
RoslynAnalysisRunner will not be running.
RoslynAnalysisRunner has terminated.
Mono: successfully reloaded assembly
- Completed reload, in  0.896 seconds
Platform modules already initialized, skipping
Refreshing native plugins compatible for Editor in 0.22 ms, found 0 plugins.
Preloading 0 native plugins for Editor in 0.00 ms.
Unloading 1116 Unused Serialized files (Serialized files now loaded: 0)
System memory in use before: 61.9 MB.
System memory in use after: 62.0 MB.

Unloading 5 unused Assets to reduce memory usage. Loaded Objects now: 1586.
Total: 3.713400 ms (FindLiveObjects: 0.147800 ms CreateObjectMapping: 0.036900 ms MarkObjects: 3.431800 ms  DeleteObjects: 0.094300 ms)

========================================================================
Received Prepare
Registering precompiled user dll's ...
Registered in 0.000766 seconds.
Begin MonoManager ReloadAssembly
Native extension for LinuxStandalone target not found
Native extension for WindowsStandalone target not found
Native extension for WebGL target not found
Refreshing native plugins compatible for Editor in 0.20 ms, found 0 plugins.
Preloading 0 native plugins for Editor in 0.00 ms.
Invoked RoslynAnalysisRunner static constructor.
RoslynAnalysisRunner will not be running.
RoslynAnalysisRunner has terminated.
Mono: successfully reloaded assembly
- Completed reload, in  0.919 seconds
Platform modules already initialized, skipping
Refreshing native plugins compatible for Editor in 0.21 ms, found 0 plugins.
Preloading 0 native plugins for Editor in 0.00 ms.
Unloading 1116 Unused Serialized files (Serialized files now loaded: 0)
System memory in use before: 61.9 MB.
System memory in use after: 62.0 MB.

Unloading 5 unused Assets to reduce memory usage. Loaded Objects now: 1588.
Total: 3.302600 ms (FindLiveObjects: 0.140500 ms CreateObjectMapping: 0.039600 ms MarkObjects: 3.052200 ms  DeleteObjects: 0.068500 ms)

========================================================================
Received Prepare
Registering precompiled user dll's ...
Registered in 0.000738 seconds.
Begin MonoManager ReloadAssembly
Native extension for LinuxStandalone target not found
Native extension for WindowsStandalone target not found
Native extension for WebGL target not found
Refreshing native plugins compatible for Editor in 0.20 ms, found 0 plugins.
Preloading 0 native plugins for Editor in 0.00 ms.
Invoked RoslynAnalysisRunner static constructor.
RoslynAnalysisRunner will not be running.
RoslynAnalysisRunner has terminated.
Mono: successfully reloaded assembly
- Completed reload, in  0.906 seconds
Platform modules already initialized, skipping
Refreshing native plugins compatible for Editor in 0.21 ms, found 0 plugins.
Preloading 0 native plugins for Editor in 0.00 ms.
Unloading 1116 Unused Serialized files (Serialized files now loaded: 0)
System memory in use before: 61.9 MB.
System memory in use after: 62.0 MB.

Unloading 5 unused Assets to reduce memory usage. Loaded Objects now: 1590.
Total: 1.752500 ms (FindLiveObjects: 0.142500 ms CreateObjectMapping: 0.036700 ms MarkObjects: 1.518500 ms  DeleteObjects: 0.053000 ms)

========================================================================
Received Prepare
Registering precompiled user dll's ...
Registered in 0.000731 seconds.
Begin MonoManager ReloadAssembly
Native extension for LinuxStandalone target not found
Native extension for WindowsStandalone target not found
Native extension for WebGL target not found
Refreshing native plugins compatible for Editor in 0.21 ms, found 0 plugins.
Preloading 0 native plugins for Editor in 0.00 ms.
Invoked RoslynAnalysisRunner static constructor.
RoslynAnalysisRunner will not be running.
RoslynAnalysisRunner has terminated.
Mono: successfully reloaded assembly
- Completed reload, in  0.901 seconds
Platform modules already initialized, skipping
Refreshing native plugins compatible for Editor in 0.22 ms, found 0 plugins.
Preloading 0 native plugins for Editor in 0.00 ms.
Unloading 1116 Unused Serialized files (Serialized files now loaded: 0)
System memory in use before: 61.9 MB.
System memory in use after: 62.0 MB.

Unloading 5 unused Assets to reduce memory usage. Loaded Objects now: 1592.
Total: 1.939600 ms (FindLiveObjects: 0.138700 ms CreateObjectMapping: 0.041300 ms MarkObjects: 1.691000 ms  DeleteObjects: 0.067300 ms)

========================================================================
Received Prepare
Registering precompiled user dll's ...
Registered in 0.000789 seconds.
Begin MonoManager ReloadAssembly
Native extension for LinuxStandalone target not found
Native extension for WindowsStandalone target not found
Native extension for WebGL target not found
Refreshing native plugins compatible for Editor in 0.21 ms, found 0 plugins.
Preloading 0 native plugins for Editor in 0.00 ms.
Invoked RoslynAnalysisRunner static constructor.
RoslynAnalysisRunner will not be running.
RoslynAnalysisRunner has terminated.
Mono: successfully reloaded assembly
- Completed reload, in  0.909 seconds
Platform modules already initialized, skipping
Refreshing native plugins compatible for Editor in 0.21 ms, found 0 plugins.
Preloading 0 native plugins for Editor in 0.00 ms.
Unloading 1116 Unused Serialized files (Serialized files now loaded: 0)
System memory in use before: 62.0 MB.
System memory in use after: 62.0 MB.

Unloading 5 unused Assets to reduce memory usage. Loaded Objects now: 1594.
Total: 1.678700 ms (FindLiveObjects: 0.130900 ms CreateObjectMapping: 0.035500 ms MarkObjects: 1.454300 ms  DeleteObjects: 0.056400 ms)

========================================================================
Received Import Request.
  Time since last request: 693.388291 seconds.
  path: Assets/Script/Controller.cs
  artifactKey: Guid(9fecff27d35aabf4caaa72963d820992) Importer(815301076,1909f56bfc062723c751e8b465ee728b)
Start importing Assets/Script/Controller.cs using Guid(9fecff27d35aabf4caaa72963d820992) Importer(815301076,1909f56bfc062723c751e8b465ee728b)  -> (artifact id: 'a497794ee74094223039fd64159ff79a') in 0.027477 seconds
  Import took 0.030554 seconds .

========================================================================
Received Prepare
Registering precompiled user dll's ...
Registered in 0.000743 seconds.
Begin MonoManager ReloadAssembly
Native extension for LinuxStandalone target not found
Native extension for WindowsStandalone target not found
Native extension for WebGL target not found
Refreshing native plugins compatible for Editor in 0.21 ms, found 0 plugins.
Preloading 0 native plugins for Editor in 0.00 ms.
Invoked RoslynAnalysisRunner static constructor.
RoslynAnalysisRunner will not be running.
RoslynAnalysisRunner has terminated.
Mono: successfully reloaded assembly
- Completed reload, in  0.895 seconds
Platform modules already initialized, skipping
Refreshing native plugins compatible for Editor in 0.22 ms, found 0 plugins.
Preloading 0 native plugins for Editor in 0.00 ms.
Unloading 1116 Unused Serialized files (Serialized files now loaded: 0)
System memory in use before: 62.0 MB.
System memory in use after: 62.0 MB.

Unloading 5 unused Assets to reduce memory usage. Loaded Objects now: 1596.
Total: 1.824600 ms (FindLiveObjects: 0.148200 ms CreateObjectMapping: 0.044500 ms MarkObjects: 1.539700 ms  DeleteObjects: 0.091100 ms)

========================================================================
Received Import Request.
  Time since last request: 44.787858 seconds.
  path: Assets/Script/Controller.cs
  artifactKey: Guid(9fecff27d35aabf4caaa72963d820992) Importer(815301076,1909f56bfc062723c751e8b465ee728b)
Start importing Assets/Script/Controller.cs using Guid(9fecff27d35aabf4caaa72963d820992) Importer(815301076,1909f56bfc062723c751e8b465ee728b)  -> (artifact id: '47d6be5ef2cbc3197dc3a4a3c9048e50') in 0.004768 seconds
  Import took 0.006721 seconds .

========================================================================
Received Prepare
Registering precompiled user dll's ...
Registered in 0.000939 seconds.
Begin MonoManager ReloadAssembly
Native extension for LinuxStandalone target not found
Native extension for WindowsStandalone target not found
Native extension for WebGL target not found
Refreshing native plugins compatible for Editor in 0.23 ms, found 0 plugins.
Preloading 0 native plugins for Editor in 0.00 ms.
Invoked RoslynAnalysisRunner static constructor.
RoslynAnalysisRunner will not be running.
RoslynAnalysisRunner has terminated.
Mono: successfully reloaded assembly
- Completed reload, in  1.103 seconds
Platform modules already initialized, skipping
Refreshing native plugins compatible for Editor in 0.21 ms, found 0 plugins.
Preloading 0 native plugins for Editor in 0.00 ms.
Unloading 1116 Unused Serialized files (Serialized files now loaded: 0)
System memory in use before: 62.0 MB.
System memory in use after: 62.0 MB.

Unloading 5 unused Assets to reduce memory usage. Loaded Objects now: 1598.
Total: 1.796900 ms (FindLiveObjects: 0.127100 ms CreateObjectMapping: 0.035200 ms MarkObjects: 1.574500 ms  DeleteObjects: 0.058500 ms)

========================================================================
Received Import Request.
  Time since last request: 474.153564 seconds.
  path: Assets/Script/ArmsRotate.cs
  artifactKey: Guid(c4475d7132597544cbd30e21cf6a59a9) Importer(815301076,1909f56bfc062723c751e8b465ee728b)
Start importing Assets/Script/ArmsRotate.cs using Guid(c4475d7132597544cbd30e21cf6a59a9) Importer(815301076,1909f56bfc062723c751e8b465ee728b)  -> (artifact id: '3397af80244e8260a26acceb8e7b7ccd') in 0.010633 seconds
  Import took 0.012624 seconds .

========================================================================
Received Import Request.
  Time since last request: 0.002024 seconds.
  path: Assets/Script/ArmsRotate.cs
  artifactKey: Guid(c4475d7132597544cbd30e21cf6a59a9) Importer(815301076,1909f56bfc062723c751e8b465ee728b)
Start importing Assets/Script/ArmsRotate.cs using Guid(c4475d7132597544cbd30e21cf6a59a9) Importer(815301076,1909f56bfc062723c751e8b465ee728b)  -> (artifact id: '3397af80244e8260a26acceb8e7b7ccd') in 0.009282 seconds
  Import took 0.011600 seconds .

========================================================================
Received Import Request.
  Time since last request: 2.287395 seconds.
  path: Assets/Script/AudioManager.cs
  artifactKey: Guid(6eac2dcf25d5c3a43bc8ae1a359330d6) Importer(815301076,1909f56bfc062723c751e8b465ee728b)
Start importing Assets/Script/AudioManager.cs using Guid(6eac2dcf25d5c3a43bc8ae1a359330d6) Importer(815301076,1909f56bfc062723c751e8b465ee728b)  -> (artifact id: '79a70a5bf1b97676001ccac81c5d7a0d') in 0.014984 seconds
  Import took 0.017533 seconds .

========================================================================
Received Import Request.
  Time since last request: 0.000204 seconds.
  path: Assets/Script/AudioManager.cs
  artifactKey: Guid(6eac2dcf25d5c3a43bc8ae1a359330d6) Importer(815301076,1909f56bfc062723c751e8b465ee728b)
Start importing Assets/Script/AudioManager.cs using Guid(6eac2dcf25d5c3a43bc8ae1a359330d6) Importer(815301076,1909f56bfc062723c751e8b465ee728b)  -> (artifact id: '79a70a5bf1b97676001ccac81c5d7a0d') in 0.007711 seconds
  Import took 0.010548 seconds .

========================================================================
Received Import Request.
  Time since last request: 2.080732 seconds.
  path: Assets/Script/CameraControll.cs
  artifactKey: Guid(8d8e743e8513ec14a86e9d36a31b4387) Importer(815301076,1909f56bfc062723c751e8b465ee728b)
Start importing Assets/Script/CameraControll.cs using Guid(8d8e743e8513ec14a86e9d36a31b4387) Importer(815301076,1909f56bfc062723c751e8b465ee728b)  -> (artifact id: '68c787addacb2c163e50f63f4606284a') in 0.054157 seconds
  Import took 0.056694 seconds .

========================================================================
Received Import Request.
  Time since last request: 6.986545 seconds.
  path: Assets/Script/itens.cs
  artifactKey: Guid(775d24a997fea6a4f863d345703a756f) Importer(815301076,1909f56bfc062723c751e8b465ee728b)
Start importing Assets/Script/itens.cs using Guid(775d24a997fea6a4f863d345703a756f) Importer(815301076,1909f56bfc062723c751e8b465ee728b)  -> (artifact id: '48295673648f3bfd02f0097e78663b5d') in 0.015909 seconds
  Import took 0.019233 seconds .

========================================================================
Received Import Request.
  Time since last request: 0.001109 seconds.
  path: Assets/Script/itens.cs
  artifactKey: Guid(775d24a997fea6a4f863d345703a756f) Importer(815301076,1909f56bfc062723c751e8b465ee728b)
Start importing Assets/Script/itens.cs using Guid(775d24a997fea6a4f863d345703a756f) Importer(815301076,1909f56bfc062723c751e8b465ee728b)  -> (artifact id: '48295673648f3bfd02f0097e78663b5d') in 0.011343 seconds
  Import took 0.013697 seconds .

========================================================================
Received Import Request.
  Time since last request: 1.591035 seconds.
  path: Assets/Script/Ground.cs
  artifactKey: Guid(3824e4558689a7a4fbc6bba750fc104b) Importer(815301076,1909f56bfc062723c751e8b465ee728b)
Start importing Assets/Script/Ground.cs using Guid(3824e4558689a7a4fbc6bba750fc104b) Importer(815301076,1909f56bfc062723c751e8b465ee728b)  -> (artifact id: 'bc7fb7192482a0a3ca9c96fb64b5af26') in 0.009693 seconds
  Import took 0.011699 seconds .

========================================================================
Received Prepare
Registering precompiled user dll's ...
Registered in 0.000889 seconds.
Begin MonoManager ReloadAssembly
Native extension for LinuxStandalone target not found
Native extension for WindowsStandalone target not found
Native extension for WebGL target not found
Refreshing native plugins compatible for Editor in 0.22 ms, found 0 plugins.
Preloading 0 native plugins for Editor in 0.00 ms.
Invoked RoslynAnalysisRunner static constructor.
RoslynAnalysisRunner will not be running.
RoslynAnalysisRunner has terminated.
Mono: successfully reloaded assembly
- Completed reload, in  1.833 seconds
Platform modules already initialized, skipping
Refreshing native plugins compatible for Editor in 0.25 ms, found 0 plugins.
Preloading 0 native plugins for Editor in 0.00 ms.
Unloading 1115 Unused Serialized files (Serialized files now loaded: 0)
System memory in use before: 62.0 MB.
System memory in use after: 62.0 MB.

Unloading 6 unused Assets to reduce memory usage. Loaded Objects now: 1599.
Total: 3.029000 ms (FindLiveObjects: 0.150200 ms CreateObjectMapping: 0.046900 ms MarkObjects: 2.773800 ms  DeleteObjects: 0.056300 ms)

========================================================================
Received Prepare
Registering precompiled user dll's ...
Registered in 0.000775 seconds.
Begin MonoManager ReloadAssembly
Native extension for LinuxStandalone target not found
Native extension for WindowsStandalone target not found
Native extension for WebGL target not found
Refreshing native plugins compatible for Editor in 0.21 ms, found 0 plugins.
Preloading 0 native plugins for Editor in 0.00 ms.
Invoked RoslynAnalysisRunner static constructor.
RoslynAnalysisRunner will not be running.
RoslynAnalysisRunner has terminated.
Mono: successfully reloaded assembly
- Completed reload, in  1.064 seconds
Platform modules already initialized, skipping
Refreshing native plugins compatible for Editor in 0.21 ms, found 0 plugins.
Preloading 0 native plugins for Editor in 0.00 ms.
Unloading 1115 Unused Serialized files (Serialized files now loaded: 0)
System memory in use before: 62.0 MB.
System memory in use after: 62.0 MB.

Unloading 5 unused Assets to reduce memory usage. Loaded Objects now: 1601.
Total: 1.668100 ms (FindLiveObjects: 0.139400 ms CreateObjectMapping: 0.040600 ms MarkObjects: 1.430000 ms  DeleteObjects: 0.056900 ms)

========================================================================
Received Import Request.
  Time since last request: 292.181518 seconds.
  path: Assets/PreFab/Players/Player1.prefab
  artifactKey: Guid(f7ecfa6e6b82e9247a614482658f63fc) Importer(815301076,1909f56bfc062723c751e8b465ee728b)
Start importing Assets/PreFab/Players/Player1.prefab using Guid(f7ecfa6e6b82e9247a614482658f63fc) Importer(815301076,1909f56bfc062723c751e8b465ee728b)  -> (artifact id: 'f5b236192bee627705005e16464f1127') in 0.084392 seconds
  Import took 0.086964 seconds .

========================================================================
Received Import Request.
  Time since last request: 0.000298 seconds.
  path: Assets/PreFab/Players/Player2.prefab
  artifactKey: Guid(76cf4c6ec405884449480ad8828f78bc) Importer(815301076,1909f56bfc062723c751e8b465ee728b)
Start importing Assets/PreFab/Players/Player2.prefab using Guid(76cf4c6ec405884449480ad8828f78bc) Importer(815301076,1909f56bfc062723c751e8b465ee728b)  -> (artifact id: 'e6f5d59bd438c9f86f270f850f175578') in 0.031351 seconds
  Import took 0.035717 seconds .

========================================================================
Received Import Request.
  Time since last request: 0.000290 seconds.
  path: Assets/PreFab/Players/Player3.prefab
  artifactKey: Guid(e5c807bc4f86e04448c9ee2178f2c1b2) Importer(815301076,1909f56bfc062723c751e8b465ee728b)
Start importing Assets/PreFab/Players/Player3.prefab using Guid(e5c807bc4f86e04448c9ee2178f2c1b2) Importer(815301076,1909f56bfc062723c751e8b465ee728b)  -> (artifact id: '10206373b3141335a3a1708faed57b36') in 0.029594 seconds
  Import took 0.031860 seconds .

========================================================================
Received Import Request.
  Time since last request: 5.939067 seconds.
  path: Assets/Scenes/PC.unity
  artifactKey: Guid(04dd223cba7770a45b0a4db895f84340) Importer(815301076,1909f56bfc062723c751e8b465ee728b)
Start importing Assets/Scenes/PC.unity using Guid(04dd223cba7770a45b0a4db895f84340) Importer(815301076,1909f56bfc062723c751e8b465ee728b)  -> (artifact id: 'f36523a653771ddf0fb0cf10556ce1f9') in 0.015285 seconds
  Import took 0.017633 seconds .

========================================================================
Received Import Request.
  Time since last request: 0.026493 seconds.
  path: Assets/Scenes/PC.unity
  artifactKey: Guid(04dd223cba7770a45b0a4db895f84340) Importer(815301076,1909f56bfc062723c751e8b465ee728b)
Start importing Assets/Scenes/PC.unity using Guid(04dd223cba7770a45b0a4db895f84340) Importer(815301076,1909f56bfc062723c751e8b465ee728b)  -> (artifact id: 'f36523a653771ddf0fb0cf10556ce1f9') in 0.008628 seconds
  Import took 0.014811 seconds .

========================================================================
Received Import Request.
  Time since last request: 2.518844 seconds.
  path: Assets/Scenes/PC.unity
  artifactKey: Guid(04dd223cba7770a45b0a4db895f84340) Importer(815301076,1909f56bfc062723c751e8b465ee728b)
Start importing Assets/Scenes/PC.unity using Guid(04dd223cba7770a45b0a4db895f84340) Importer(815301076,1909f56bfc062723c751e8b465ee728b)  -> (artifact id: '7c1bfa7f8365ba407aeb355489f7cc28') in 0.014416 seconds
  Import took 0.017344 seconds .

========================================================================
Received Prepare
Refreshing native plugins compatible for Editor in 0.79 ms, found 0 plugins.
Preloading 0 native plugins for Editor in 0.00 ms.
Unloading 3 Unused Serialized files (Serialized files now loaded: 0)
System memory in use before: 40.0 MB.
System memory in use after: 40.1 MB.

Unloading 7 unused Assets to reduce memory usage. Loaded Objects now: 1602.
Total: 4.347500 ms (FindLiveObjects: 0.141100 ms CreateObjectMapping: 0.040500 ms MarkObjects: 4.054600 ms  DeleteObjects: 0.109900 ms)

========================================================================
Received Import Request.
  Time since last request: 599.866712 seconds.
  path: Assets/Scenes/Android.unity
  artifactKey: Guid(9fc0d4010bbf28b4594072e72b8655ab) Importer(815301076,1909f56bfc062723c751e8b465ee728b)
Start importing Assets/Scenes/Android.unity using Guid(9fc0d4010bbf28b4594072e72b8655ab) Importer(815301076,1909f56bfc062723c751e8b465ee728b)  -> (artifact id: 'fbb7646a629b71e1cbd0fb71d1bd8133') in 0.014397 seconds
  Import took 0.017077 seconds .

========================================================================
Received Prepare
Registering precompiled user dll's ...
Registered in 0.000743 seconds.
Begin MonoManager ReloadAssembly
Native extension for LinuxStandalone target not found
Native extension for WindowsStandalone target not found
Native extension for WebGL target not found
Refreshing native plugins compatible for Editor in 0.20 ms, found 0 plugins.
Preloading 0 native plugins for Editor in 0.00 ms.
Invoked RoslynAnalysisRunner static constructor.
RoslynAnalysisRunner will not be running.
RoslynAnalysisRunner has terminated.
Mono: successfully reloaded assembly
- Completed reload, in  0.947 seconds
Platform modules already initialized, skipping
Switching build target platform(5) subTarget(0) extendedPlatform(0) -> platform(13) subTarget(537395200) extendedPlatform(0)
Refreshing native plugins compatible for Editor in 0.21 ms, found 0 plugins.
Preloading 0 native plugins for Editor in 0.00 ms.
Unloading 1119 Unused Serialized files (Serialized files now loaded: 0)
System memory in use before: 61.2 MB.
System memory in use after: 61.3 MB.

Unloading 5 unused Assets to reduce memory usage. Loaded Objects now: 1604.
Total: 1.790200 ms (FindLiveObjects: 0.164600 ms CreateObjectMapping: 0.039000 ms MarkObjects: 1.448100 ms  DeleteObjects: 0.137200 ms)

AssetImportParameters requested are different than current active one (requested -> active):
  custom:graphics/normal-map-encoding: 01000000000000000000000000000000 -> 02000000000000000000000000000000
========================================================================
Received Prepare
Refreshing native plugins compatible for Editor in 0.82 ms, found 0 plugins.
Preloading 0 native plugins for Editor in 0.00 ms.
Unloading 3 Unused Serialized files (Serialized files now loaded: 0)
System memory in use before: 39.4 MB.
System memory in use after: 39.5 MB.

Unloading 3 unused Assets to reduce memory usage. Loaded Objects now: 1604.
Total: 1.987700 ms (FindLiveObjects: 0.180800 ms CreateObjectMapping: 0.045400 ms MarkObjects: 1.702700 ms  DeleteObjects: 0.056800 ms)

========================================================================
Received Prepare
Refreshing native plugins compatible for Editor in 0.67 ms, found 0 plugins.
Preloading 0 native plugins for Editor in 0.00 ms.
Unloading 3 Unused Serialized files (Serialized files now loaded: 0)
System memory in use before: 39.4 MB.
System memory in use after: 39.5 MB.

Unloading 3 unused Assets to reduce memory usage. Loaded Objects now: 1604.
Total: 1.739000 ms (FindLiveObjects: 0.148900 ms CreateObjectMapping: 0.035200 ms MarkObjects: 1.493500 ms  DeleteObjects: 0.060300 ms)

========================================================================
Received Prepare
Registering precompiled user dll's ...
Registered in 0.001009 seconds.
Begin MonoManager ReloadAssembly
Native extension for LinuxStandalone target not found
Native extension for WindowsStandalone target not found
Native extension for WebGL target not found
Refreshing native plugins compatible for Editor in 0.22 ms, found 0 plugins.
Preloading 0 native plugins for Editor in 0.00 ms.
Invoked RoslynAnalysisRunner static constructor.
RoslynAnalysisRunner will not be running.
RoslynAnalysisRunner has terminated.
Mono: successfully reloaded assembly
- Completed reload, in  1.647 seconds
Platform modules already initialized, skipping
Switching build target platform(5) subTarget(0) extendedPlatform(0) -> platform(13) subTarget(537395200) extendedPlatform(0)
Refreshing native plugins compatible for Editor in 0.29 ms, found 0 plugins.
Preloading 0 native plugins for Editor in 0.00 ms.
Unloading 1119 Unused Serialized files (Serialized files now loaded: 0)
System memory in use before: 61.2 MB.
System memory in use after: 61.3 MB.

Unloading 5 unused Assets to reduce memory usage. Loaded Objects now: 1606.
Total: 3.475100 ms (FindLiveObjects: 0.151500 ms CreateObjectMapping: 0.042400 ms MarkObjects: 3.226000 ms  DeleteObjects: 0.053500 ms)

AssetImportParameters requested are different than current active one (requested -> active):
  custom:graphics/normal-map-encoding: 01000000000000000000000000000000 -> 02000000000000000000000000000000
========================================================================
Received Import Request.
  Time since last request: 139.385424 seconds.
  path: Assets/Scenes/PC 1.unity
  artifactKey: Guid(602aed5cda5497643ba0dc5c7bffbee1) Importer(815301076,1909f56bfc062723c751e8b465ee728b)
Start importing Assets/Scenes/PC 1.unity using Guid(602aed5cda5497643ba0dc5c7bffbee1) Importer(815301076,1909f56bfc062723c751e8b465ee728b)  -> (artifact id: 'ab5fe3692b264b085d913aab11f2f6e2') in 0.020444 seconds
  Import took 0.023360 seconds .

========================================================================
Received Import Request.
  Time since last request: 8.991765 seconds.
  path: Assets/Scenes/AndroidApk.unity
  artifactKey: Guid(602aed5cda5497643ba0dc5c7bffbee1) Importer(815301076,1909f56bfc062723c751e8b465ee728b)
Start importing Assets/Scenes/AndroidApk.unity using Guid(602aed5cda5497643ba0dc5c7bffbee1) Importer(815301076,1909f56bfc062723c751e8b465ee728b)  -> (artifact id: '3cefd8506e6c8bed58fdc83832a1a5bb') in 0.011555 seconds
  Import took 0.014987 seconds .

AssetImportWorkerClient::OnTransportError - code=2 error=End of file
